nohup: ignoring input
INFO:rootpy.plotting.style] using ROOT style 'CMSTDR'
INFO:ROOT.TCanvas.Print] pdf file /uscms_data/d3/jsiado/SIDM_ana/CMSSW_10_2_14/src/FireROOT/Analysis/python/outputs/plots/modules/MuonPtDSA/mc__4mu__el0pt.pdf has been created
INFO:ROOT.TCanvas.Print] pdf file /uscms_data/d3/jsiado/SIDM_ana/CMSSW_10_2_14/src/FireROOT/Analysis/python/outputs/plots/modules/MuonPtDSA/mc__2mu2e__el0pt.pdf has been created
INFO:ROOT.TCanvas.Print] pdf file /uscms_data/d3/jsiado/SIDM_ana/CMSSW_10_2_14/src/FireROOT/Analysis/python/outputs/plots/modules/MuonPtDSA/mc__4mu__leamupt.pdf has been created
INFO:ROOT.TCanvas.Print] pdf file /uscms_data/d3/jsiado/SIDM_ana/CMSSW_10_2_14/src/FireROOT/Analysis/python/outputs/plots/modules/MuonPtDSA/mc__2mu2e__leamupt.pdf has been created
INFO:ROOT.TCanvas.Print] pdf file /uscms_data/d3/jsiado/SIDM_ana/CMSSW_10_2_14/src/FireROOT/Analysis/python/outputs/plots/modules/MuonPtDSA/mc__4mu__nel.pdf has been created
INFO:ROOT.TCanvas.Print] pdf file /uscms_data/d3/jsiado/SIDM_ana/CMSSW_10_2_14/src/FireROOT/Analysis/python/outputs/plots/modules/MuonPtDSA/mc__2mu2e__nel.pdf has been created
INFO:ROOT.TCanvas.Print] pdf file /uscms_data/d3/jsiado/SIDM_ana/CMSSW_10_2_14/src/FireROOT/Analysis/python/outputs/plots/modules/MuonPtDSA/mc__4mu__nmu.pdf has been created
INFO:ROOT.TCanvas.Print] pdf file /uscms_data/d3/jsiado/SIDM_ana/CMSSW_10_2_14/src/FireROOT/Analysis/python/outputs/plots/modules/MuonPtDSA/mc__2mu2e__nmu.pdf has been created
INFO:ROOT.TCanvas.Print] pdf file /uscms_data/d3/jsiado/SIDM_ana/CMSSW_10_2_14/src/FireROOT/Analysis/python/outputs/plots/modules/MuonPtDSA/mc__4mu__psmass.pdf has been created
INFO:ROOT.TCanvas.Print] pdf file /uscms_data/d3/jsiado/SIDM_ana/CMSSW_10_2_14/src/FireROOT/Analysis/python/outputs/plots/modules/MuonPtDSA/mc__2mu2e__psmass.pdf has been created
INFO:ROOT.TCanvas.Print] pdf file /uscms_data/d3/jsiado/SIDM_ana/CMSSW_10_2_14/src/FireROOT/Analysis/python/outputs/plots/modules/MuonPtDSA/mc__4mu__DsaPt7.pdf has been created
INFO:ROOT.TCanvas.Print] pdf file /uscms_data/d3/jsiado/SIDM_ana/CMSSW_10_2_14/src/FireROOT/Analysis/python/outputs/plots/modules/MuonPtDSA/mc__2mu2e__DsaPt7.pdf has been created
INFO:ROOT.TCanvas.Print] pdf file /uscms_data/d3/jsiado/SIDM_ana/CMSSW_10_2_14/src/FireROOT/Analysis/python/outputs/plots/modules/MuonPtDSA/mc__4mu__mu0pt.pdf has been created
INFO:ROOT.TCanvas.Print] pdf file /uscms_data/d3/jsiado/SIDM_ana/CMSSW_10_2_14/src/FireROOT/Analysis/python/outputs/plots/modules/MuonPtDSA/mc__2mu2e__mu0pt.pdf has been created
INFO:ROOT.TCanvas.Print] pdf file /uscms_data/d3/jsiado/SIDM_ana/CMSSW_10_2_14/src/FireROOT/Analysis/python/outputs/plots/modules/MuonPtDSA/mc__4mu__dplxy.pdf has been created
INFO:ROOT.TCanvas.Print] pdf file /uscms_data/d3/jsiado/SIDM_ana/CMSSW_10_2_14/src/FireROOT/Analysis/python/outputs/plots/modules/MuonPtDSA/mc__2mu2e__dplxy.pdf has been created
INFO:ROOT.TCanvas.Print] pdf file /uscms_data/d3/jsiado/SIDM_ana/CMSSW_10_2_14/src/FireROOT/Analysis/python/outputs/plots/modules/MuonPtDSA/mc__4mu__electronpairdr.pdf has been created
INFO:ROOT.TCanvas.Print] pdf file /uscms_data/d3/jsiado/SIDM_ana/CMSSW_10_2_14/src/FireROOT/Analysis/python/outputs/plots/modules/MuonPtDSA/mc__2mu2e__electronpairdr.pdf has been created
INFO:ROOT.TCanvas.Print] pdf file /uscms_data/d3/jsiado/SIDM_ana/CMSSW_10_2_14/src/FireROOT/Analysis/python/outputs/plots/modules/MuonPtDSA/mc__4mu__leaelpt.pdf has been created
INFO:ROOT.TCanvas.Print] pdf file /uscms_data/d3/jsiado/SIDM_ana/CMSSW_10_2_14/src/FireROOT/Analysis/python/outputs/plots/modules/MuonPtDSA/mc__2mu2e__leaelpt.pdf has been created
INFO:ROOT.TCanvas.Print] pdf file /uscms_data/d3/jsiado/SIDM_ana/CMSSW_10_2_14/src/FireROOT/Analysis/python/outputs/plots/modules/MuonPtDSA/mc__4mu__dpl3d.pdf has been created
INFO:ROOT.TCanvas.Print] pdf file /uscms_data/d3/jsiado/SIDM_ana/CMSSW_10_2_14/src/FireROOT/Analysis/python/outputs/plots/modules/MuonPtDSA/mc__2mu2e__dpl3d.pdf has been created
INFO:ROOT.TCanvas.Print] pdf file /uscms_data/d3/jsiado/SIDM_ana/CMSSW_10_2_14/src/FireROOT/Analysis/python/outputs/plots/modules/MuonPtDSA/mc__4mu__nlep.pdf has been created
INFO:ROOT.TCanvas.Print] pdf file /uscms_data/d3/jsiado/SIDM_ana/CMSSW_10_2_14/src/FireROOT/Analysis/python/outputs/plots/modules/MuonPtDSA/mc__2mu2e__nlep.pdf has been created
INFO:ROOT.TCanvas.Print] pdf file /uscms_data/d3/jsiado/SIDM_ana/CMSSW_10_2_14/src/FireROOT/Analysis/python/outputs/plots/modules/MuonPtDSA/mc__4mu__dpmass.pdf has been created
INFO:ROOT.TCanvas.Print] pdf file /uscms_data/d3/jsiado/SIDM_ana/CMSSW_10_2_14/src/FireROOT/Analysis/python/outputs/plots/modules/MuonPtDSA/mc__2mu2e__dpmass.pdf has been created
INFO:ROOT.TCanvas.Print] pdf file /uscms_data/d3/jsiado/SIDM_ana/CMSSW_10_2_14/src/FireROOT/Analysis/python/outputs/plots/modules/MuonPtDSA/mc__4mu__dpdphi.pdf has been created
INFO:ROOT.TCanvas.Print] pdf file /uscms_data/d3/jsiado/SIDM_ana/CMSSW_10_2_14/src/FireROOT/Analysis/python/outputs/plots/modules/MuonPtDSA/mc__2mu2e__dpdphi.pdf has been created
INFO:ROOT.TCanvas.Print] pdf file /uscms_data/d3/jsiado/SIDM_ana/CMSSW_10_2_14/src/FireROOT/Analysis/python/outputs/plots/modules/MuonPtDSA/mc__4mu__DsaPt10.pdf has been created
INFO:ROOT.TCanvas.Print] pdf file /uscms_data/d3/jsiado/SIDM_ana/CMSSW_10_2_14/src/FireROOT/Analysis/python/outputs/plots/modules/MuonPtDSA/mc__2mu2e__DsaPt10.pdf has been created
INFO:ROOT.TCanvas.Print] pdf file /uscms_data/d3/jsiado/SIDM_ana/CMSSW_10_2_14/src/FireROOT/Analysis/python/outputs/plots/modules/MuonPtDSA/mc__4mu__ndp.pdf has been created
INFO:ROOT.TCanvas.Print] pdf file /uscms_data/d3/jsiado/SIDM_ana/CMSSW_10_2_14/src/FireROOT/Analysis/python/outputs/plots/modules/MuonPtDSA/mc__2mu2e__ndp.pdf has been created
INFO:ROOT.TCanvas.Print] pdf file /uscms_data/d3/jsiado/SIDM_ana/CMSSW_10_2_14/src/FireROOT/Analysis/python/outputs/plots/modules/MuonPtDSA/mc__4mu__muonpairdr.pdf has been created
INFO:ROOT.TCanvas.Print] pdf file /uscms_data/d3/jsiado/SIDM_ana/CMSSW_10_2_14/src/FireROOT/Analysis/python/outputs/plots/modules/MuonPtDSA/mc__2mu2e__muonpairdr.pdf has been created
INFO:ROOT.TCanvas.Print] pdf file /uscms_data/d3/jsiado/SIDM_ana/CMSSW_10_2_14/src/FireROOT/Analysis/python/outputs/plots/modules/MuonPtDSA/mc__4mu__DsaPt5.pdf has been created
INFO:ROOT.TCanvas.Print] pdf file /uscms_data/d3/jsiado/SIDM_ana/CMSSW_10_2_14/src/FireROOT/Analysis/python/outputs/plots/modules/MuonPtDSA/mc__2mu2e__DsaPt5.pdf has been created
INFO:ROOT.TCanvas.Print] pdf file /uscms_data/d3/jsiado/SIDM_ana/CMSSW_10_2_14/src/FireROOT/Analysis/python/outputs/plots/modules/MuonPtDSA/mc__4mu__dppt.pdf has been created
INFO:ROOT.TCanvas.Print] pdf file /uscms_data/d3/jsiado/SIDM_ana/CMSSW_10_2_14/src/FireROOT/Analysis/python/outputs/plots/modules/MuonPtDSA/mc__2mu2e__dppt.pdf has been created
